2018-04-01 01:59:40,243 [Thread-7:10468] [django.server:124] [basehttp:log_message] [INFO]- "GET /api/student/getall HTTP/1.1" 200 1415
2018-04-01 09:53:19,364 [Thread-7:7288] [django.server:124] [basehttp:log_message] [WARNING]- "GET / HTTP/1.1" 404 2738
2018-04-01 09:53:24,822 [Thread-8:10156] [django.server:124] [basehttp:log_message] [INFO]- "GET /api/student/get HTTP/1.1" 200 89
2018-04-01 09:53:30,800 [Thread-9:4468] [django.server:124] [basehttp:log_message] [ERROR]- "GET /api/test/test1 HTTP/1.1" 500 61738
2018-04-01 09:56:25,344 [Thread-7:10068] [django.server:124] [basehttp:log_message] [ERROR]- "GET /api/test/test1 HTTP/1.1" 500 61873
2018-04-01 09:57:12,315 [Thread-7:10536] [django.server:124] [basehttp:log_message] [INFO]- "GET /api/test/test1 HTTP/1.1" 200 3
2018-04-01 09:58:12,965 [Thread-7:7672] [django.server:124] [basehttp:log_message] [INFO]- "GET /api/test/test1 HTTP/1.1" 200 3
2018-04-01 10:03:47,530 [Thread-7:10584] [django.server:124] [basehttp:log_message] [WARNING]- "POST /api/get HTTP/1.1" 404 2778
2018-04-01 10:04:05,206 [Thread-8:6480] [django.server:124] [basehttp:log_message] [WARNING]- "POST /api/student/get HTTP/1.1" 403 2868
2018-04-01 10:05:28,189 [Thread-9:10840] [django.server:124] [basehttp:log_message] [WARNING]- "POST /api/student/get?id=1 HTTP/1.1" 403 2868
2018-04-01 10:08:00,386 [Thread-10:8468] [django.server:124] [basehttp:log_message] [INFO]- "GET /api/student/get?id=1 HTTP/1.1" 200 214
2018-04-01 10:08:15,398 [Thread-18:8736] [django.server:124] [basehttp:log_message] [WARNING]- "POST /api/student/get?id=1 HTTP/1.1" 403 2868
2018-04-01 10:08:48,887 [Thread-19:10048] [django.server:124] [basehttp:log_message] [WARNING]- "POST /api/student/get?id=1&callback=aa HTTP/1.1" 403 2868
2018-04-01 10:12:03,446 [Thread-20:9520] [django.server:124] [basehttp:log_message] [WARNING]- "POST /api/student/get HTTP/1.1" 403 2868
2018-04-01 10:12:24,878 [Thread-21:6060] [django.server:124] [basehttp:log_message] [WARNING]- "POST /api/get HTTP/1.1" 404 2778
2018-04-01 10:12:52,231 [Thread-22:10476] [django.server:124] [basehttp:log_message] [WARNING]- "POST /api/student/get HTTP/1.1" 403 2868
2018-04-01 10:23:58,260 [Thread-7:9644] [django.server:124] [basehttp:log_message] [INFO]- "POST /api/student/get HTTP/1.1" 200 89
2018-04-01 10:27:09,909 [Thread-7:6264] [django.server:124] [basehttp:log_message] [ERROR]- "POST /api/student/get HTTP/1.1" 500 69765
2018-04-01 10:27:17,955 [Thread-7:6580] [django.server:124] [basehttp:log_message] [INFO]- "POST /api/student/get HTTP/1.1" 200 214
2018-04-01 10:30:06,501 [Thread-7:9104] [django.server:124] [basehttp:log_message] [INFO]- "POST /api/student/getall HTTP/1.1" 200 1415
2018-04-01 10:30:11,356 [Thread-8:10000] [django.server:124] [basehttp:log_message] [INFO]- "POST /api/student/getallpage HTTP/1.1" 200 1493
2018-04-01 10:30:17,665 [Thread-9:9324] [django.server:124] [basehttp:log_message] [INFO]- "POST /api/student/getallpage?size=3 HTTP/1.1" 200 1493
2018-04-01 10:31:26,297 [Thread-10:11252] [django.server:124] [basehttp:log_message] [INFO]- "POST /api/student/getallpage HTTP/1.1" 200 602
